Determining if the pthread_create exist failed with the following output:
Change Dir: /opt/ros/groovy/stacks/eddiebot/eddiebot/eddiebot_node/build/CMakeFiles/CMakeTmp

Run Build Command:/usr/bin/make "cmTryCompileExec3462788508/fast"
make[1]: Entering directory `/opt/ros/groovy/stacks/eddiebot/eddiebot/eddiebot_node/build/CMakeFiles/CMakeTmp'
/usr/bin/make -f CMakeFiles/cmTryCompileExec3462788508.dir/build.make CMakeFiles/cmTryCompileExec3462788508.dir/build
make[2]: Entering directory `/opt/ros/groovy/stacks/eddiebot/eddiebot/eddiebot_node/build/CMakeFiles/CMakeTmp'
/usr/bin/cmake -E cmake_progress_report /opt/ros/groovy/stacks/eddiebot/eddiebot/eddiebot_node/build/CMakeFiles/CMakeTmp/CMakeFiles 1
Building C object CMakeFiles/cmTryCompileExec3462788508.dir/CheckSymbolExists.c.o
/usr/bin/gcc    -o CMakeFiles/cmTryCompileExec3462788508.dir/CheckSymbolExists.c.o   -c /opt/ros/groovy/stacks/eddiebot/eddiebot/eddiebot_node/build/CMakeFiles/CMakeTmp/CheckSymbolExists.c
Linking C executable cmTryCompileExec3462788508
/usr/bin/cmake -E cmake_link_script CMakeFiles/cmTryCompileExec3462788508.dir/link.txt --verbose=1
/usr/bin/gcc         CMakeFiles/cmTryCompileExec3462788508.dir/CheckSymbolExists.c.o  -o cmTryCompileExec3462788508 -rdynamic 
CMakeFiles/cmTryCompileExec3462788508.dir/CheckSymbolExists.c.o: In function `main':
CheckSymbolExists.c:(.text+0xa): undefined reference to `pthread_create'
collect2: error: ld returned 1 exit status
make[2]: *** [cmTryCompileExec3462788508] Error 1
make[2]: Leaving directory `/opt/ros/groovy/stacks/eddiebot/eddiebot/eddiebot_node/build/CMakeFiles/CMakeTmp'
make[1]: Leaving directory `/opt/ros/groovy/stacks/eddiebot/eddiebot/eddiebot_node/build/CMakeFiles/CMakeTmp'
make[1]: *** [cmTryCompileExec3462788508/fast] Error 2

File /opt/ros/groovy/stacks/eddiebot/eddiebot/eddiebot_node/build/CMakeFiles/CMakeTmp/CheckSymbolExists.c:
/* */
#include <pthread.h>

int main(int argc, char** argv)
{
  (void)argv;
#ifndef pthread_create
  return ((int*)(&pthread_create))[argc];
#else
  (void)argc;
  return 0;
#endif
}

Determining if the function pthread_create exists in the pthreads failed with the following output:
Change Dir: /opt/ros/groovy/stacks/eddiebot/eddiebot/eddiebot_node/build/CMakeFiles/CMakeTmp

Run Build Command:/usr/bin/make "cmTryCompileExec3156160691/fast"
make[1]: Entering directory `/opt/ros/groovy/stacks/eddiebot/eddiebot/eddiebot_node/build/CMakeFiles/CMakeTmp'
/usr/bin/make -f CMakeFiles/cmTryCompileExec3156160691.dir/build.make CMakeFiles/cmTryCompileExec3156160691.dir/build
make[2]: Entering directory `/opt/ros/groovy/stacks/eddiebot/eddiebot/eddiebot_node/build/CMakeFiles/CMakeTmp'
/usr/bin/cmake -E cmake_progress_report /opt/ros/groovy/stacks/eddiebot/eddiebot/eddiebot_node/build/CMakeFiles/CMakeTmp/CMakeFiles 1
Building C object CMakeFiles/cmTryCompileExec3156160691.dir/CheckFunctionExists.c.o
/usr/bin/gcc   -DCHECK_FUNCTION_EXISTS=pthread_create   -o CMakeFiles/cmTryCompileExec3156160691.dir/CheckFunctionExists.c.o   -c /usr/share/cmake-2.8/Modules/CheckFunctionExists.c
Linking C executable cmTryCompileExec3156160691
/usr/bin/cmake -E cmake_link_script CMakeFiles/cmTryCompileExec3156160691.dir/link.txt --verbose=1
/usr/bin/gcc     -DCHECK_FUNCTION_EXISTS=pthread_create    CMakeFiles/cmTryCompileExec3156160691.dir/CheckFunctionExists.c.o  -o cmTryCompileExec3156160691 -rdynamic -lpthreads 
/usr/bin/ld: cannot find -lpthreads
collect2: error: ld returned 1 exit status
make[2]: *** [cmTryCompileExec3156160691] Error 1
make[2]: Leaving directory `/opt/ros/groovy/stacks/eddiebot/eddiebot/eddiebot_node/build/CMakeFiles/CMakeTmp'
make[1]: *** [cmTryCompileExec3156160691/fast] Error 2
make[1]: Leaving directory `/opt/ros/groovy/stacks/eddiebot/eddiebot/eddiebot_node/build/CMakeFiles/CMakeTmp'


